<?xml version="1.0" encoding="UTF-8"?>
<testsuite xmlns:xsi="http://www.w3.org/2001/XMLSchema-instance" xsi:noNamespaceSchemaLocation="https://maven.apache.org/surefire/maven-surefire-plugin/xsd/surefire-test-report.xsd" name="com.techcamps.financeiro.AppTest" time="0.029" tests="1" errors="0" skipped="0" failures="0">
  <properties>
    <property name="sun.desktop" value="gnome"/>
    <property name="awt.toolkit" value="sun.awt.X11.XToolkit"/>
    <property name="java.specification.version" value="11"/>
    <property name="sun.cpu.isalist" value=""/>
    <property name="sun.jnu.encoding" value="UTF-8"/>
    <property name="java.class.path" value="/home/joaovg/tc-hbtn-java/apache-maven/financeiro-api/target/test-classes:/home/joaovg/tc-hbtn-java/apache-maven/financeiro-api/target/classes:/home/joaovg/.m2/repository/org/apache/commons/commons-lang3/3.12.0/commons-lang3-3.12.0.jar:/home/joaovg/.m2/repository/org/apache/commons/commons-email/1.5/commons-email-1.5.jar:/home/joaovg/.m2/repository/com/sun/mail/javax.mail/1.5.6/javax.mail-1.5.6.jar:/home/joaovg/.m2/repository/javax/activation/activation/1.1/activation-1.1.jar:/home/joaovg/.m2/repository/junit/junit/4.13.2/junit-4.13.2.jar:/home/joaovg/.m2/repository/org/hamcrest/hamcrest-core/1.3/hamcrest-core-1.3.jar:/home/joaovg/.m2/repository/mysql/mysql-connector-java/8.0.29/mysql-connector-java-8.0.29.jar:/home/joaovg/.m2/repository/com/google/protobuf/protobuf-java/3.19.4/protobuf-java-3.19.4.jar:/home/joaovg/.m2/repository/org/projectlombok/lombok/1.18.24/lombok-1.18.24.jar:/home/joaovg/.m2/repository/org/apache/maven/plugins/maven-assembly-plugin/3.4.1/maven-assembly-plugin-3.4.1.jar:/home/joaovg/.m2/repository/org/apache/maven/shared/maven-common-artifact-filters/3.3.0/maven-common-artifact-filters-3.3.0.jar:/home/joaovg/.m2/repository/org/slf4j/slf4j-api/1.7.36/slf4j-api-1.7.36.jar:/home/joaovg/.m2/repository/org/apache/maven/shared/maven-artifact-transfer/0.13.1/maven-artifact-transfer-0.13.1.jar:/home/joaovg/.m2/repository/org/apache/maven/maven-core/3.0/maven-core-3.0.jar:/home/joaovg/.m2/repository/org/apache/maven/maven-model/3.0/maven-model-3.0.jar:/home/joaovg/.m2/repository/org/apache/maven/maven-settings/3.0/maven-settings-3.0.jar:/home/joaovg/.m2/repository/org/apache/maven/maven-settings-builder/3.0/maven-settings-builder-3.0.jar:/home/joaovg/.m2/repository/org/apache/maven/maven-repository-metadata/3.0/maven-repository-metadata-3.0.jar:/home/joaovg/.m2/repository/org/apache/maven/maven-plugin-api/3.0/maven-plugin-api-3.0.jar:/home/joaovg/.m2/repository/org/apache/maven/maven-model-builder/3.0/maven-model-builder-3.0.jar:/home/joaovg/.m2/repository/org/apache/maven/maven-aether-provider/3.0/maven-aether-provider-3.0.jar:/home/joaovg/.m2/repository/org/sonatype/aether/aether-impl/1.7/aether-impl-1.7.jar:/home/joaovg/.m2/repository/org/sonatype/aether/aether-spi/1.7/aether-spi-1.7.jar:/home/joaovg/.m2/repository/org/sonatype/aether/aether-api/1.7/aether-api-1.7.jar:/home/joaovg/.m2/repository/org/sonatype/aether/aether-util/1.7/aether-util-1.7.jar:/home/joaovg/.m2/repository/org/sonatype/sisu/sisu-inject-plexus/1.4.2/sisu-inject-plexus-1.4.2.jar:/home/joaovg/.m2/repository/org/sonatype/sisu/sisu-inject-bean/1.4.2/sisu-inject-bean-1.4.2.jar:/home/joaovg/.m2/repository/org/sonatype/sisu/sisu-guice/2.1.7/sisu-guice-2.1.7-noaop.jar:/home/joaovg/.m2/repository/org/codehaus/plexus/plexus-classworlds/2.2.3/plexus-classworlds-2.2.3.jar:/home/joaovg/.m2/repository/org/sonatype/plexus/plexus-sec-dispatcher/1.3/plexus-sec-dispatcher-1.3.jar:/home/joaovg/.m2/repository/org/sonatype/plexus/plexus-cipher/1.4/plexus-cipher-1.4.jar:/home/joaovg/.m2/repository/org/apache/maven/maven-artifact/3.0/maven-artifact-3.0.jar:/home/joaovg/.m2/repository/org/codehaus/plexus/plexus-component-annotations/2.0.0/plexus-component-annotations-2.0.0.jar:/home/joaovg/.m2/repository/org/codehaus/plexus/plexus-interpolation/1.26/plexus-interpolation-1.26.jar:/home/joaovg/.m2/repository/commons-io/commons-io/2.11.0/commons-io-2.11.0.jar:/home/joaovg/.m2/repository/org/apache/maven/shared/maven-filtering/3.3.0/maven-filtering-3.3.0.jar:/home/joaovg/.m2/repository/javax/inject/javax.inject/1/javax.inject-1.jar:/home/joaovg/.m2/repository/org/sonatype/plexus/plexus-build-api/0.0.7/plexus-build-api-0.0.7.jar:/home/joaovg/.m2/repository/org/codehaus/plexus/plexus-io/3.4.0/plexus-io-3.4.0.jar:/home/joaovg/.m2/repository/org/codehaus/plexus/plexus-archiver/4.4.0/plexus-archiver-4.4.0.jar:/home/joaovg/.m2/repository/org/apache/commons/commons-compress/1.21/commons-compress-1.21.jar:/home/joaovg/.m2/repository/org/iq80/snappy/snappy/0.4/snappy-0.4.jar:/home/joaovg/.m2/repository/org/tukaani/xz/1.9/xz-1.9.jar:/home/joaovg/.m2/repository/org/apache/maven/maven-archiver/3.6.0/maven-archiver-3.6.0.jar:/home/joaovg/.m2/repository/org/codehaus/plexus/plexus-utils/3.4.2/plexus-utils-3.4.2.jar:"/>
    <property name="java.vm.vendor" value="Private Build"/>
    <property name="sun.arch.data.model" value="64"/>
    <property name="java.vendor.url" value="Unknown"/>
    <property name="user.timezone" value=""/>
    <property name="user.country.format" value="BR"/>
    <property name="java.vm.specification.version" value="11"/>
    <property name="os.name" value="Linux"/>
    <property name="sun.java.launcher" value="SUN_STANDARD"/>
    <property name="user.country" value="US"/>
    <property name="sun.boot.library.path" value="/usr/lib/jvm/java-11-openjdk-amd64/lib"/>
    <property name="sun.java.command" value="/home/joaovg/tc-hbtn-java/apache-maven/financeiro-api/target/surefire/surefirebooter17414085107240739797.jar /home/joaovg/tc-hbtn-java/apache-maven/financeiro-api/target/surefire 2022-07-18T09-25-21_741-jvmRun1 surefire3318653028162391943tmp surefire_017603062759200037677tmp"/>
    <property name="jdk.debug" value="release"/>
    <property name="surefire.test.class.path" value="/home/joaovg/tc-hbtn-java/apache-maven/financeiro-api/target/test-classes:/home/joaovg/tc-hbtn-java/apache-maven/financeiro-api/target/classes:/home/joaovg/.m2/repository/org/apache/commons/commons-lang3/3.12.0/commons-lang3-3.12.0.jar:/home/joaovg/.m2/repository/org/apache/commons/commons-email/1.5/commons-email-1.5.jar:/home/joaovg/.m2/repository/com/sun/mail/javax.mail/1.5.6/javax.mail-1.5.6.jar:/home/joaovg/.m2/repository/javax/activation/activation/1.1/activation-1.1.jar:/home/joaovg/.m2/repository/junit/junit/4.13.2/junit-4.13.2.jar:/home/joaovg/.m2/repository/org/hamcrest/hamcrest-core/1.3/hamcrest-core-1.3.jar:/home/joaovg/.m2/repository/mysql/mysql-connector-java/8.0.29/mysql-connector-java-8.0.29.jar:/home/joaovg/.m2/repository/com/google/protobuf/protobuf-java/3.19.4/protobuf-java-3.19.4.jar:/home/joaovg/.m2/repository/org/projectlombok/lombok/1.18.24/lombok-1.18.24.jar:/home/joaovg/.m2/repository/org/apache/maven/plugins/maven-assembly-plugin/3.4.1/maven-assembly-plugin-3.4.1.jar:/home/joaovg/.m2/repository/org/apache/maven/shared/maven-common-artifact-filters/3.3.0/maven-common-artifact-filters-3.3.0.jar:/home/joaovg/.m2/repository/org/slf4j/slf4j-api/1.7.36/slf4j-api-1.7.36.jar:/home/joaovg/.m2/repository/org/apache/maven/shared/maven-artifact-transfer/0.13.1/maven-artifact-transfer-0.13.1.jar:/home/joaovg/.m2/repository/org/apache/maven/maven-core/3.0/maven-core-3.0.jar:/home/joaovg/.m2/repository/org/apache/maven/maven-model/3.0/maven-model-3.0.jar:/home/joaovg/.m2/repository/org/apache/maven/maven-settings/3.0/maven-settings-3.0.jar:/home/joaovg/.m2/repository/org/apache/maven/maven-settings-builder/3.0/maven-settings-builder-3.0.jar:/home/joaovg/.m2/repository/org/apache/maven/maven-repository-metadata/3.0/maven-repository-metadata-3.0.jar:/home/joaovg/.m2/repository/org/apache/maven/maven-plugin-api/3.0/maven-plugin-api-3.0.jar:/home/joaovg/.m2/repository/org/apache/maven/maven-model-builder/3.0/maven-model-builder-3.0.jar:/home/joaovg/.m2/repository/org/apache/maven/maven-aether-provider/3.0/maven-aether-provider-3.0.jar:/home/joaovg/.m2/repository/org/sonatype/aether/aether-impl/1.7/aether-impl-1.7.jar:/home/joaovg/.m2/repository/org/sonatype/aether/aether-spi/1.7/aether-spi-1.7.jar:/home/joaovg/.m2/repository/org/sonatype/aether/aether-api/1.7/aether-api-1.7.jar:/home/joaovg/.m2/repository/org/sonatype/aether/aether-util/1.7/aether-util-1.7.jar:/home/joaovg/.m2/repository/org/sonatype/sisu/sisu-inject-plexus/1.4.2/sisu-inject-plexus-1.4.2.jar:/home/joaovg/.m2/repository/org/sonatype/sisu/sisu-inject-bean/1.4.2/sisu-inject-bean-1.4.2.jar:/home/joaovg/.m2/repository/org/sonatype/sisu/sisu-guice/2.1.7/sisu-guice-2.1.7-noaop.jar:/home/joaovg/.m2/repository/org/codehaus/plexus/plexus-classworlds/2.2.3/plexus-classworlds-2.2.3.jar:/home/joaovg/.m2/repository/org/sonatype/plexus/plexus-sec-dispatcher/1.3/plexus-sec-dispatcher-1.3.jar:/home/joaovg/.m2/repository/org/sonatype/plexus/plexus-cipher/1.4/plexus-cipher-1.4.jar:/home/joaovg/.m2/repository/org/apache/maven/maven-artifact/3.0/maven-artifact-3.0.jar:/home/joaovg/.m2/repository/org/codehaus/plexus/plexus-component-annotations/2.0.0/plexus-component-annotations-2.0.0.jar:/home/joaovg/.m2/repository/org/codehaus/plexus/plexus-interpolation/1.26/plexus-interpolation-1.26.jar:/home/joaovg/.m2/repository/commons-io/commons-io/2.11.0/commons-io-2.11.0.jar:/home/joaovg/.m2/repository/org/apache/maven/shared/maven-filtering/3.3.0/maven-filtering-3.3.0.jar:/home/joaovg/.m2/repository/javax/inject/javax.inject/1/javax.inject-1.jar:/home/joaovg/.m2/repository/org/sonatype/plexus/plexus-build-api/0.0.7/plexus-build-api-0.0.7.jar:/home/joaovg/.m2/repository/org/codehaus/plexus/plexus-io/3.4.0/plexus-io-3.4.0.jar:/home/joaovg/.m2/repository/org/codehaus/plexus/plexus-archiver/4.4.0/plexus-archiver-4.4.0.jar:/home/joaovg/.m2/repository/org/apache/commons/commons-compress/1.21/commons-compress-1.21.jar:/home/joaovg/.m2/repository/org/iq80/snappy/snappy/0.4/snappy-0.4.jar:/home/joaovg/.m2/repository/org/tukaani/xz/1.9/xz-1.9.jar:/home/joaovg/.m2/repository/org/apache/maven/maven-archiver/3.6.0/maven-archiver-3.6.0.jar:/home/joaovg/.m2/repository/org/codehaus/plexus/plexus-utils/3.4.2/plexus-utils-3.4.2.jar:"/>
    <property name="sun.cpu.endian" value="little"/>
    <property name="user.home" value="/home/joaovg"/>
    <property name="user.language" value="en"/>
    <property name="java.specification.vendor" value="Oracle Corporation"/>
    <property name="java.version.date" value="2022-04-19"/>
    <property name="java.home" value="/usr/lib/jvm/java-11-openjdk-amd64"/>
    <property name="file.separator" value="/"/>
    <property name="basedir" value="/home/joaovg/tc-hbtn-java/apache-maven/financeiro-api"/>
    <property name="java.vm.compressedOopsMode" value="Zero based"/>
    <property name="line.separator" value="&#10;"/>
    <property name="java.specification.name" value="Java Platform API Specification"/>
    <property name="java.vm.specification.vendor" value="Oracle Corporation"/>
    <property name="java.awt.graphicsenv" value="sun.awt.X11GraphicsEnvironment"/>
    <property name="surefire.real.class.path" value="/home/joaovg/tc-hbtn-java/apache-maven/financeiro-api/target/surefire/surefirebooter17414085107240739797.jar"/>
    <property name="sun.management.compiler" value="HotSpot 64-Bit Tiered Compilers"/>
    <property name="java.runtime.version" value="11.0.15+10-Ubuntu-0ubuntu0.20.04.1"/>
    <property name="user.name" value="CIANDT\joaovg"/>
    <property name="path.separator" value=":"/>
    <property name="os.version" value="5.14.0-1044-oem"/>
    <property name="java.runtime.name" value="OpenJDK Runtime Environment"/>
    <property name="file.encoding" value="UTF-8"/>
    <property name="java.vm.name" value="OpenJDK 64-Bit Server VM"/>
    <property name="localRepository" value="/home/joaovg/.m2/repository"/>
    <property name="java.vendor.url.bug" value="Unknown"/>
    <property name="java.io.tmpdir" value="/tmp"/>
    <property name="java.version" value="11.0.15"/>
    <property name="user.dir" value="/home/joaovg/tc-hbtn-java/apache-maven/financeiro-api"/>
    <property name="os.arch" value="amd64"/>
    <property name="java.vm.specification.name" value="Java Virtual Machine Specification"/>
    <property name="java.awt.printerjob" value="sun.print.PSPrinterJob"/>
    <property name="user.language.format" value="pt"/>
    <property name="sun.os.patch.level" value="unknown"/>
    <property name="java.library.path" value="/usr/java/packages/lib:/usr/lib/x86_64-linux-gnu/jni:/lib/x86_64-linux-gnu:/usr/lib/x86_64-linux-gnu:/usr/lib/jni:/lib:/usr/lib"/>
    <property name="java.vm.info" value="mixed mode, sharing"/>
    <property name="java.vendor" value="Private Build"/>
    <property name="java.vm.version" value="11.0.15+10-Ubuntu-0ubuntu0.20.04.1"/>
    <property name="sun.io.unicode.encoding" value="UnicodeLittle"/>
    <property name="java.class.version" value="55.0"/>
  </properties>
  <testcase name="shouldAnswerWithTrue" classname="com.techcamps.financeiro.AppTest" time="0.002"/>
</testsuite>